<?xml version="1.0" encoding="utf-8"?><testsuites><testsuite name="pytest" errors="0" failures="0" skipped="0" tests="7" time="85.400" timestamp="2023-09-20T10:56:20.909922" hostname="engine"><testcase classname="neddy.tests.test_cl_utils.test_cl_utils" name="test_conesearch_all" time="9.983" /><testcase classname="neddy.tests.test_cl_utils.test_cl_utils" name="test_conesearches" time="30.909" /><testcase classname="neddy.tests.test_cl_utils.test_cl_utils" name="test_init" time="0.107" /><testcase classname="neddy.tests.test_cl_utils.test_cl_utils" name="test_name_searches" time="10.828" /><testcase classname="neddy.tests.test_conesearch.test_conesearch" name="test_conesearch_function" time="10.978" /><testcase classname="neddy.tests.test_conesearch.test_conesearch" name="test_conesearch_function_02" time="15.554" /><testcase classname="neddy.tests.test_namesearch.test_namesearch" name="test_namesearch_function" time="4.174" /></testsuite></testsuites>