<?xml version="1.0" encoding="utf-8"?><testsuites><testsuite name="pytest" errors="0" failures="0" skipped="0" tests="7" time="80.657" timestamp="2023-09-20T08:50:50.514909" hostname="engine"><testcase classname="neddy.tests.test_cl_utils.test_cl_utils" name="test_conesearch_all" time="10.388" /><testcase classname="neddy.tests.test_cl_utils.test_cl_utils" name="test_conesearches" time="25.502" /><testcase classname="neddy.tests.test_cl_utils.test_cl_utils" name="test_init" time="0.106" /><testcase classname="neddy.tests.test_cl_utils.test_cl_utils" name="test_name_searches" time="13.137" /><testcase classname="neddy.tests.test_conesearch.test_conesearch" name="test_conesearch_function" time="10.889" /><testcase classname="neddy.tests.test_conesearch.test_conesearch" name="test_conesearch_function_02" time="17.274" /><testcase classname="neddy.tests.test_namesearch.test_namesearch" name="test_namesearch_function" time="1.321" /></testsuite></testsuites>